[2020-06-23 04:57:32.691] [exthost] [info] extension host started
[2020-06-23 04:57:33.030] [exthost] [info] ExtensionService#_doActivateExtension vscode.typescript-language-features {"startup":false,"extensionId":{"value":"vscode.typescript-language-features","_lower":"vscode.typescript-language-features"},"activationEvent":"onLanguage:javascript"}
[2020-06-23 04:57:33.034] [exthost] [info] ExtensionService#loadCommonJSModule file:///home/vagrant/.vscode-server/bin/cd9ea6488829f560dc949a8b2fb789f3cdc05f5d/extensions/typescript-language-features/dist/extension
[2020-06-23 04:57:33.221] [exthost] [info] ExtensionService#_doActivateExtension vscode.debug-auto-launch {"startup":true,"extensionId":{"value":"vscode.debug-auto-launch","_lower":"vscode.debug-auto-launch"},"activationEvent":"*"}
[2020-06-23 04:57:33.222] [exthost] [info] ExtensionService#loadCommonJSModule file:///home/vagrant/.vscode-server/bin/cd9ea6488829f560dc949a8b2fb789f3cdc05f5d/extensions/debug-auto-launch/dist/extension
[2020-06-23 04:57:33.233] [exthost] [info] ExtensionService#_doActivateExtension vscode.emmet {"startup":true,"extensionId":{"value":"vscode.emmet","_lower":"vscode.emmet"},"activationEvent":"*"}
[2020-06-23 04:57:33.233] [exthost] [info] ExtensionService#loadCommonJSModule file:///home/vagrant/.vscode-server/bin/cd9ea6488829f560dc949a8b2fb789f3cdc05f5d/extensions/emmet/dist/extension
[2020-06-23 04:57:33.321] [exthost] [info] ExtensionService#_doActivateExtension vscode.git {"startup":true,"extensionId":{"value":"vscode.github","_lower":"vscode.github"},"activationEvent":"*"}
[2020-06-23 04:57:33.321] [exthost] [info] ExtensionService#loadCommonJSModule file:///home/vagrant/.vscode-server/bin/cd9ea6488829f560dc949a8b2fb789f3cdc05f5d/extensions/git/dist/main
[2020-06-23 04:57:33.559] [exthost] [info] ExtensionService#_doActivateExtension vscode.github-authentication {"startup":true,"extensionId":{"value":"vscode.github-authentication","_lower":"vscode.github-authentication"},"activationEvent":"*"}
[2020-06-23 04:57:33.561] [exthost] [info] ExtensionService#loadCommonJSModule file:///home/vagrant/.vscode-server/bin/cd9ea6488829f560dc949a8b2fb789f3cdc05f5d/extensions/github-authentication/dist/extension.js
[2020-06-23 04:57:33.614] [exthost] [info] ExtensionService#_doActivateExtension vscode.merge-conflict {"startup":true,"extensionId":{"value":"vscode.merge-conflict","_lower":"vscode.merge-conflict"},"activationEvent":"*"}
[2020-06-23 04:57:33.614] [exthost] [info] ExtensionService#loadCommonJSModule file:///home/vagrant/.vscode-server/bin/cd9ea6488829f560dc949a8b2fb789f3cdc05f5d/extensions/merge-conflict/dist/extension
[2020-06-23 04:57:33.653] [exthost] [info] ExtensionService#_doActivateExtension vscode.microsoft-authentication {"startup":true,"extensionId":{"value":"vscode.microsoft-authentication","_lower":"vscode.microsoft-authentication"},"activationEvent":"*"}
[2020-06-23 04:57:33.655] [exthost] [info] ExtensionService#loadCommonJSModule file:///home/vagrant/.vscode-server/bin/cd9ea6488829f560dc949a8b2fb789f3cdc05f5d/extensions/microsoft-authentication/dist/extension.js
[2020-06-23 04:57:33.726] [exthost] [info] ExtensionService#_doActivateExtension vscode.search-result {"startup":true,"extensionId":{"value":"vscode.search-result","_lower":"vscode.search-result"},"activationEvent":"*"}
[2020-06-23 04:57:33.726] [exthost] [info] ExtensionService#loadCommonJSModule file:///home/vagrant/.vscode-server/bin/cd9ea6488829f560dc949a8b2fb789f3cdc05f5d/extensions/search-result/dist/extension.js
[2020-06-23 04:57:33.729] [exthost] [info] ExtensionService#_doActivateExtension donjayamanne.githistory {"startup":true,"extensionId":{"value":"donjayamanne.githistory","_lower":"donjayamanne.githistory"},"activationEvent":"*"}
[2020-06-23 04:57:33.729] [exthost] [info] ExtensionService#loadCommonJSModule file:///home/vagrant/.vscode-server/extensions/donjayamanne.githistory-0.6.5/dist/src/extension
[2020-06-23 04:57:33.967] [exthost] [info] ExtensionService#_doActivateExtension eamodio.gitlens {"startup":true,"extensionId":{"value":"eamodio.gitlens","_lower":"eamodio.gitlens"},"activationEvent":"*"}
[2020-06-23 04:57:33.967] [exthost] [info] ExtensionService#loadCommonJSModule file:///home/vagrant/.vscode-server/extensions/eamodio.gitlens-10.2.2/dist/extension
[2020-06-23 04:57:34.292] [exthost] [info] ExtensionService#_doActivateExtension vscode.npm {"startup":true,"extensionId":{"value":"vscode.npm","_lower":"vscode.npm"},"activationEvent":"workspaceContains:package.json"}
[2020-06-23 04:57:34.293] [exthost] [info] ExtensionService#loadCommonJSModule file:///home/vagrant/.vscode-server/bin/cd9ea6488829f560dc949a8b2fb789f3cdc05f5d/extensions/npm/dist/main
[2020-06-23 04:57:35.744] [exthost] [info] Extension 'eamodio.gitlens' uses a document selector without scheme. Learn more about this: https://go.microsoft.com/fwlink/?linkid=872305
[2020-06-23 04:57:35.894] [exthost] [info] ExtensionService#_doActivateExtension vscode.github {"startup":true,"extensionId":{"value":"vscode.github","_lower":"vscode.github"},"activationEvent":"*"}
[2020-06-23 04:57:35.897] [exthost] [info] ExtensionService#loadCommonJSModule file:///home/vagrant/.vscode-server/bin/cd9ea6488829f560dc949a8b2fb789f3cdc05f5d/extensions/github/dist/extension.js
[2020-06-23 04:57:36.184] [exthost] [info] eager extensions activated
[2020-06-23 04:58:03.187] [exthost] [info] ExtensionService#_doActivateExtension vscode.extension-editing {"startup":false,"extensionId":{"value":"vscode.extension-editing","_lower":"vscode.extension-editing"},"activationEvent":"onLanguage:typescript"}
[2020-06-23 04:58:03.188] [exthost] [info] ExtensionService#loadCommonJSModule file:///home/vagrant/.vscode-server/bin/cd9ea6488829f560dc949a8b2fb789f3cdc05f5d/extensions/extension-editing/dist/extension
[2020-06-23 05:38:49.289] [exthost] [info] ExtensionService#_doActivateExtension vscode.configuration-editing {"startup":false,"extensionId":{"value":"vscode.configuration-editing","_lower":"vscode.configuration-editing"},"activationEvent":"onLanguage:json"}
[2020-06-23 05:38:49.291] [exthost] [info] ExtensionService#loadCommonJSModule file:///home/vagrant/.vscode-server/bin/cd9ea6488829f560dc949a8b2fb789f3cdc05f5d/extensions/configuration-editing/dist/extension
[2020-06-23 05:38:49.387] [exthost] [info] ExtensionService#_doActivateExtension vscode.json-language-features {"startup":false,"extensionId":{"value":"vscode.json-language-features","_lower":"vscode.json-language-features"},"activationEvent":"onLanguage:json"}
[2020-06-23 05:38:49.387] [exthost] [info] ExtensionService#loadCommonJSModule file:///home/vagrant/.vscode-server/bin/cd9ea6488829f560dc949a8b2fb789f3cdc05f5d/extensions/json-language-features/client/dist/jsonMain
[2020-06-23 05:38:49.495] [exthost] [info] ExtensionService#_doActivateExtension ms-vscode.js-debug {"startup":false,"extensionId":{"value":"ms-vscode.js-debug","_lower":"ms-vscode.js-debug"},"activationEvent":"onLanguage:json"}
[2020-06-23 05:38:49.495] [exthost] [info] ExtensionService#loadCommonJSModule file:///home/vagrant/.vscode-server/bin/cd9ea6488829f560dc949a8b2fb789f3cdc05f5d/extensions/ms-vscode.js-debug/src/extension.js
