git shortlog -e -s -n HEAD  (completed in 0.026s)
fatal: ambiguous argument 'HEAD': unknown revision or path not in the working tree.
Use '--' to separate paths from revisions, like this:
'git <command> [<revision>...] -- [<file>...]'

git remote show sx -n  (completed in 0.061s)
git remote show sd -n  (completed in 0.082s)
git remote show origin -n  (completed in 0.101s)
git remote show github -n  (completed in 0.109s)
git remote show Remot -n  (completed in 0.139s)
git remote show Lab_ -n  (completed in 0.149s)
git remote show Lab-5 -n  (completed in 0.168s)
git remote show Carlos_F_Vaccaro_Laboratorio5.git -n  (completed in 0.183s)
git log --full-history --pretty=oneline --date-order --decorate=full --skip=0 --max-count=100 master --  (completed in 0.205s)
fatal: bad revision 'master'

git rev-list --full-history --count master --  (completed in 0.235s)
fatal: bad revision 'master'

git shortlog -e -s -n HEAD  (completed in 0.035s)
fatal: ambiguous argument 'HEAD': unknown revision or path not in the working tree.
Use '--' to separate paths from revisions, like this:
'git <command> [<revision>...] -- [<file>...]'

git remote show sx -n  (completed in 0.072s)
git remote show sd -n  (completed in 0.085s)
git remote show origin -n  (completed in 0.097s)
git remote show lb -n  (completed in 0.117s)
git remote show lab-6 -n  (completed in 0.126s)
git remote show github -n  (completed in 0.135s)
git remote show Remot -n  (completed in 0.147s)
git remote show Lab_ -n  (completed in 0.162s)
git remote show Lab-5 -n  (completed in 0.173s)
git remote show Carlos_F_Vaccaro_Laboratorio5.git -n  (completed in 0.186s)
git log --full-history --pretty=oneline --date-order --decorate=full --skip=0 --max-count=100 master --  (completed in 0.204s)
fatal: bad revision 'master'

git rev-list --full-history --count master --  (completed in 0.218s)
fatal: bad revision 'master'

