git shortlog -e -s -n HEAD  (completed in 0.042s)
fatal: ambiguous argument 'HEAD': unknown revision or path not in the working tree.
Use '--' to separate paths from revisions, like this:
'git <command> [<revision>...] -- [<file>...]'

git remote show origin -n  (completed in 0.076s)
git log --full-history --pretty=oneline --date-order --decorate=full --skip=0 --max-count=100 master --  (completed in 0.104s)
fatal: bad revision 'master'

git rev-list --full-history --count master --  (completed in 0.129s)
fatal: bad revision 'master'

git shortlog -e -s -n HEAD  (completed in 0.031s)
fatal: ambiguous argument 'HEAD': unknown revision or path not in the working tree.
Use '--' to separate paths from revisions, like this:
'git <command> [<revision>...] -- [<file>...]'

git remote show origin -n  (completed in 0.055s)
git log --full-history --pretty=oneline --date-order --decorate=full --skip=0 --max-count=100 master --  (completed in 0.081s)
fatal: bad revision 'master'

git rev-list --full-history --count master --  (completed in 0.099s)
fatal: bad revision 'master'

git shortlog -e -s -n HEAD  (completed in 0.024s)
fatal: ambiguous argument 'HEAD': unknown revision or path not in the working tree.
Use '--' to separate paths from revisions, like this:
'git <command> [<revision>...] -- [<file>...]'

git remote show origin -n  (completed in 0.049s)
git log --full-history --pretty=oneline --date-order --decorate=full --skip=0 --max-count=100 master --  (completed in 0.073s)
fatal: bad revision 'master'

git rev-list --full-history --count master --  (completed in 0.091s)
fatal: bad revision 'master'

