Looking for git in: git
Using git 2.17.1 from git
> git rev-parse --show-toplevel
> git rev-parse --git-dir
Open repository: /home/vagrant
> git fetch
> git status -z -u
> git check-ignore -v -z --stdin
Host key verification failed.
fatal: Could not read from remote repository.

Please make sure you have the correct access rights
and the repository exists.
> git show :test.js
> git ls-files --stage -- /home/vagrant/test.js
> git cat-file -s 3b1bf59ed94f9f128820168e788dcf73b5181fec
> git check-ignore -v -z --stdin
> git ls-files --stage -- /home/vagrant/test.js
> git cat-file -s 3b1bf59ed94f9f128820168e788dcf73b5181fec
> git show :test.js
> git symbolic-ref --short HEAD
> git rev-parse master
fatal: ambiguous argument 'master': unknown revision or path not in the working tree.
Use '--' to separate paths from revisions, like this:
'git <command> [<revision>...] -- [<file>...]'
> git for-each-ref --format %(refname) %(objectname) --sort -committerdate
> git remote --verbose
> git config --get commit.template
> git show :.gitignore
> git ls-files --stage -- /home/vagrant/.gitignore
> git cat-file -s e69de29bb2d1d6434b8b29ae775ad8c2e48c5391
> git status -z -u
> git check-ignore -v -z --stdin
> git check-ignore -v -z --stdin
> git symbolic-ref --short HEAD
> git rev-parse master
fatal: ambiguous argument 'master': unknown revision or path not in the working tree.
Use '--' to separate paths from revisions, like this:
'git <command> [<revision>...] -- [<file>...]'
> git for-each-ref --format %(refname) %(objectname) --sort -committerdate
> git remote --verbose
> git config --get commit.template
> git status -z -u
> git check-ignore -v -z --stdin
> git check-ignore -v -z --stdin
> git symbolic-ref --short HEAD
> git rev-parse master
fatal: ambiguous argument 'master': unknown revision or path not in the working tree.
Use '--' to separate paths from revisions, like this:
'git <command> [<revision>...] -- [<file>...]'
> git for-each-ref --format %(refname) %(objectname) --sort -committerdate
> git remote --verbose
> git config --get commit.template
> git status -z -u
> git check-ignore -v -z --stdin
> git check-ignore -v -z --stdin
> git symbolic-ref --short HEAD
> git rev-parse master
fatal: ambiguous argument 'master': unknown revision or path not in the working tree.
Use '--' to separate paths from revisions, like this:
'git <command> [<revision>...] -- [<file>...]'
> git for-each-ref --format %(refname) %(objectname) --sort -committerdate
> git remote --verbose
> git config --get commit.template
> git show :test.js
> git ls-files --stage -- /home/vagrant/test.js
> git cat-file -s 3b1bf59ed94f9f128820168e788dcf73b5181fec
> git fetch
Host key verification failed.
fatal: Could not read from remote repository.

Please make sure you have the correct access rights
and the repository exists.
> git ls-files --stage -- /home/vagrant/test.js
> git cat-file -s 3b1bf59ed94f9f128820168e788dcf73b5181fec
> git show :test.js
> git show :.gitignore
> git ls-files --stage -- /home/vagrant/.gitignore
> git cat-file -s e69de29bb2d1d6434b8b29ae775ad8c2e48c5391
> git show :test.js
> git ls-files --stage -- /home/vagrant/test.js
> git cat-file -s 3b1bf59ed94f9f128820168e788dcf73b5181fec
> git ls-files --stage -- /home/vagrant/test.js
> git cat-file -s 3b1bf59ed94f9f128820168e788dcf73b5181fec
> git show :test.js
> git fetch
> git status -z -u
> git check-ignore -v -z --stdin
> git ls-files --stage -- /home/vagrant/test.js
> git cat-file -s 3b1bf59ed94f9f128820168e788dcf73b5181fec
> git show :test.js
> git symbolic-ref --short HEAD
> git rev-parse master
fatal: ambiguous argument 'master': unknown revision or path not in the working tree.
Use '--' to separate paths from revisions, like this:
'git <command> [<revision>...] -- [<file>...]'
> git for-each-ref --format %(refname) %(objectname) --sort -committerdate
> git remote --verbose
> git config --get commit.template
> git show :.gitignore
> git ls-files --stage -- /home/vagrant/.gitignore
> git cat-file -s e69de29bb2d1d6434b8b29ae775ad8c2e48c5391
> git status -z -u
> git check-ignore -v -z --stdin
> git check-ignore -v -z --stdin
> git symbolic-ref --short HEAD
> git rev-parse master
fatal: ambiguous argument 'master': unknown revision or path not in the working tree.
Use '--' to separate paths from revisions, like this:
'git <command> [<revision>...] -- [<file>...]'
> git for-each-ref --format %(refname) %(objectname) --sort -committerdate
> git remote --verbose
> git config --get commit.template
> git show :test.js
> git ls-files --stage -- /home/vagrant/test.js
> git cat-file -s 3b1bf59ed94f9f128820168e788dcf73b5181fec
> git check-ignore -v -z --stdin
> git push
fatal: No configured push destination.
Either specify the URL from the command-line or configure a remote repository using

    git remote add <name> <url>

and then push using the remote name

    git push <name>
> git ls-files --stage -- /home/vagrant/test.js
> git cat-file -s 3b1bf59ed94f9f128820168e788dcf73b5181fec
> git show :test.js
> git fetch
> git status -z -u
> git check-ignore -v -z --stdin
> git ls-files --stage -- /home/vagrant/test.js
> git cat-file -s 3b1bf59ed94f9f128820168e788dcf73b5181fec
> git show :test.js
> git show HEAD:test.js
> git ls-tree -l HEAD -- /home/vagrant/test.js
fatal: Not a valid object name HEAD
> git push
fatal: No configured push destination.
Either specify the URL from the command-line or configure a remote repository using

    git remote add <name> <url>

and then push using the remote name

    git push <name>
> git ls-tree -l HEAD -- /home/vagrant/test.js
fatal: Not a valid object name HEAD
> git checkout -q -b git@github.com-CAFAVARO/Carlos_F_Vaccaro_Laboratorio_5.git --no-track HEAD
fatal: 'HEAD' is not a commit and a branch 'git@github.com-CAFAVARO/Carlos_F_Vaccaro_Laboratorio_5.git' cannot be created from it
> git ls-tree -l HEAD -- /home/vagrant/test.js
fatal: Not a valid object name HEAD
> git ls-tree -l HEAD -- /home/vagrant/test.js
fatal: Not a valid object name HEAD
> git show :test.js
> git ls-files --stage -- /home/vagrant/test.js
> git cat-file -s 3b1bf59ed94f9f128820168e788dcf73b5181fec
> git push
fatal: No configured push destination.
Either specify the URL from the command-line or configure a remote repository using

    git remote add <name> <url>

and then push using the remote name

    git push <name>
> git show :test.js
> git ls-files --stage -- /home/vagrant/test.js
> git cat-file -s 3b1bf59ed94f9f128820168e788dcf73b5181fec
> git check-ignore -v -z --stdin
> git check-ignore -v -z --stdin
> git show :test.js
> git ls-files --stage -- /home/vagrant/test.js
> git cat-file -s 3b1bf59ed94f9f128820168e788dcf73b5181fec
