Looking for git in: git
Using git 2.17.1 from git
> git rev-parse --show-toplevel
> git rev-parse --git-dir
Open repository: /home/vagrant
> git status -z -u
> git check-ignore -v -z --stdin
> git show :test.js
> git ls-files --stage -- /home/vagrant/test.js
> git check-ignore -v -z --stdin
> git symbolic-ref --short HEAD
> git rev-parse master
fatal: ambiguous argument 'master': unknown revision or path not in the working tree.
Use '--' to separate paths from revisions, like this:
'git <command> [<revision>...] -- [<file>...]'
> git for-each-ref --format %(refname) %(objectname) --sort -committerdate
> git remote --verbose
> git config --get commit.template
> git checkout -q -b https-//github.com/2020-SEMI-DESIX-G1 --no-track HEAD
fatal: 'HEAD' is not a commit and a branch 'https-//github.com/2020-SEMI-DESIX-G1' cannot be created from it
> git check-ignore -v -z --stdin
