[2020-06-23 05:45:16.391] [exthost] [info] extension host started
[2020-06-23 05:45:16.565] [exthost] [info] ExtensionService#_doActivateExtension vscode.typescript-language-features {"startup":false,"extensionId":{"value":"vscode.typescript-language-features","_lower":"vscode.typescript-language-features"},"activationEvent":"onLanguage:javascript"}
[2020-06-23 05:45:16.576] [exthost] [info] ExtensionService#loadCommonJSModule file:///home/vagrant/.vscode-server/bin/cd9ea6488829f560dc949a8b2fb789f3cdc05f5d/extensions/typescript-language-features/dist/extension
[2020-06-23 05:45:16.683] [exthost] [info] ExtensionService#_doActivateExtension vscode.debug-auto-launch {"startup":true,"extensionId":{"value":"vscode.debug-auto-launch","_lower":"vscode.debug-auto-launch"},"activationEvent":"*"}
[2020-06-23 05:45:16.684] [exthost] [info] ExtensionService#loadCommonJSModule file:///home/vagrant/.vscode-server/bin/cd9ea6488829f560dc949a8b2fb789f3cdc05f5d/extensions/debug-auto-launch/dist/extension
[2020-06-23 05:45:16.692] [exthost] [info] ExtensionService#_doActivateExtension vscode.emmet {"startup":true,"extensionId":{"value":"vscode.emmet","_lower":"vscode.emmet"},"activationEvent":"*"}
[2020-06-23 05:45:16.692] [exthost] [info] ExtensionService#loadCommonJSModule file:///home/vagrant/.vscode-server/bin/cd9ea6488829f560dc949a8b2fb789f3cdc05f5d/extensions/emmet/dist/extension
[2020-06-23 05:45:16.733] [exthost] [info] ExtensionService#_doActivateExtension vscode.git {"startup":true,"extensionId":{"value":"vscode.github","_lower":"vscode.github"},"activationEvent":"*"}
[2020-06-23 05:45:16.733] [exthost] [info] ExtensionService#loadCommonJSModule file:///home/vagrant/.vscode-server/bin/cd9ea6488829f560dc949a8b2fb789f3cdc05f5d/extensions/git/dist/main
[2020-06-23 05:45:16.802] [exthost] [info] ExtensionService#_doActivateExtension vscode.github-authentication {"startup":true,"extensionId":{"value":"vscode.github-authentication","_lower":"vscode.github-authentication"},"activationEvent":"*"}
[2020-06-23 05:45:16.802] [exthost] [info] ExtensionService#loadCommonJSModule file:///home/vagrant/.vscode-server/bin/cd9ea6488829f560dc949a8b2fb789f3cdc05f5d/extensions/github-authentication/dist/extension.js
[2020-06-23 05:45:16.818] [exthost] [info] ExtensionService#_doActivateExtension vscode.merge-conflict {"startup":true,"extensionId":{"value":"vscode.merge-conflict","_lower":"vscode.merge-conflict"},"activationEvent":"*"}
[2020-06-23 05:45:16.818] [exthost] [info] ExtensionService#loadCommonJSModule file:///home/vagrant/.vscode-server/bin/cd9ea6488829f560dc949a8b2fb789f3cdc05f5d/extensions/merge-conflict/dist/extension
[2020-06-23 05:45:16.823] [exthost] [info] ExtensionService#_doActivateExtension vscode.microsoft-authentication {"startup":true,"extensionId":{"value":"vscode.microsoft-authentication","_lower":"vscode.microsoft-authentication"},"activationEvent":"*"}
[2020-06-23 05:45:16.823] [exthost] [info] ExtensionService#loadCommonJSModule file:///home/vagrant/.vscode-server/bin/cd9ea6488829f560dc949a8b2fb789f3cdc05f5d/extensions/microsoft-authentication/dist/extension.js
[2020-06-23 05:45:16.842] [exthost] [info] ExtensionService#_doActivateExtension vscode.search-result {"startup":true,"extensionId":{"value":"vscode.search-result","_lower":"vscode.search-result"},"activationEvent":"*"}
[2020-06-23 05:45:16.842] [exthost] [info] ExtensionService#loadCommonJSModule file:///home/vagrant/.vscode-server/bin/cd9ea6488829f560dc949a8b2fb789f3cdc05f5d/extensions/search-result/dist/extension.js
[2020-06-23 05:45:16.844] [exthost] [info] ExtensionService#_doActivateExtension donjayamanne.githistory {"startup":true,"extensionId":{"value":"donjayamanne.githistory","_lower":"donjayamanne.githistory"},"activationEvent":"*"}
[2020-06-23 05:45:16.844] [exthost] [info] ExtensionService#loadCommonJSModule file:///home/vagrant/.vscode-server/extensions/donjayamanne.githistory-0.6.5/dist/src/extension
[2020-06-23 05:45:16.966] [exthost] [info] ExtensionService#_doActivateExtension eamodio.gitlens {"startup":true,"extensionId":{"value":"eamodio.gitlens","_lower":"eamodio.gitlens"},"activationEvent":"*"}
[2020-06-23 05:45:16.966] [exthost] [info] ExtensionService#loadCommonJSModule file:///home/vagrant/.vscode-server/extensions/eamodio.gitlens-10.2.2/dist/extension
[2020-06-23 05:45:17.094] [exthost] [info] ExtensionService#_doActivateExtension vscode.npm {"startup":true,"extensionId":{"value":"vscode.npm","_lower":"vscode.npm"},"activationEvent":"workspaceContains:package.json"}
[2020-06-23 05:45:17.096] [exthost] [info] ExtensionService#loadCommonJSModule file:///home/vagrant/.vscode-server/bin/cd9ea6488829f560dc949a8b2fb789f3cdc05f5d/extensions/npm/dist/main
[2020-06-23 05:45:18.086] [exthost] [info] Extension 'eamodio.gitlens' uses a document selector without scheme. Learn more about this: https://go.microsoft.com/fwlink/?linkid=872305
[2020-06-23 05:45:18.132] [exthost] [info] ExtensionService#_doActivateExtension vscode.github {"startup":true,"extensionId":{"value":"vscode.github","_lower":"vscode.github"},"activationEvent":"*"}
[2020-06-23 05:45:18.132] [exthost] [info] ExtensionService#loadCommonJSModule file:///home/vagrant/.vscode-server/bin/cd9ea6488829f560dc949a8b2fb789f3cdc05f5d/extensions/github/dist/extension.js
[2020-06-23 05:45:18.366] [exthost] [info] eager extensions activated
[2020-06-23 05:45:46.320] [exthost] [info] ExtensionService#_doActivateExtension vscode.extension-editing {"startup":false,"extensionId":{"value":"vscode.extension-editing","_lower":"vscode.extension-editing"},"activationEvent":"onLanguage:typescript"}
[2020-06-23 05:45:46.320] [exthost] [info] ExtensionService#loadCommonJSModule file:///home/vagrant/.vscode-server/bin/cd9ea6488829f560dc949a8b2fb789f3cdc05f5d/extensions/extension-editing/dist/extension
[2020-06-23 06:03:29.663] [exthost] [info] ExtensionService#_doActivateExtension vscode.configuration-editing {"startup":false,"extensionId":{"value":"vscode.configuration-editing","_lower":"vscode.configuration-editing"},"activationEvent":"onLanguage:jsonc"}
[2020-06-23 06:03:29.665] [exthost] [info] ExtensionService#loadCommonJSModule file:///home/vagrant/.vscode-server/bin/cd9ea6488829f560dc949a8b2fb789f3cdc05f5d/extensions/configuration-editing/dist/extension
[2020-06-23 06:03:29.680] [exthost] [info] ExtensionService#_doActivateExtension vscode.json-language-features {"startup":false,"extensionId":{"value":"vscode.json-language-features","_lower":"vscode.json-language-features"},"activationEvent":"onLanguage:jsonc"}
[2020-06-23 06:03:29.680] [exthost] [info] ExtensionService#loadCommonJSModule file:///home/vagrant/.vscode-server/bin/cd9ea6488829f560dc949a8b2fb789f3cdc05f5d/extensions/json-language-features/client/dist/jsonMain
[2020-06-23 06:05:25.617] [exthost] [info] ExtensionService#_doActivateExtension vscode.html-language-features {"startup":false,"extensionId":{"value":"vscode.html-language-features","_lower":"vscode.html-language-features"},"activationEvent":"onLanguage:html"}
[2020-06-23 06:05:25.618] [exthost] [info] ExtensionService#loadCommonJSModule file:///home/vagrant/.vscode-server/bin/cd9ea6488829f560dc949a8b2fb789f3cdc05f5d/extensions/html-language-features/client/dist/htmlMain
[2020-06-23 06:05:25.729] [exthost] [warning] [Deprecation Warning] 'Webview vscode-resource: uris' is deprecated. Please migrate to use the 'webview.asWebviewUri' api instead: https://aka.ms/vscode-webview-use-aswebviewuri
[2020-06-23 06:06:34.383] [exthost] [info] ExtensionService#_doActivateExtension vscode.grunt {"startup":false,"extensionId":{"value":"vscode.grunt","_lower":"vscode.grunt"},"activationEvent":"onCommand:workbench.action.tasks.runTask"}
[2020-06-23 06:06:34.383] [exthost] [info] ExtensionService#loadCommonJSModule file:///home/vagrant/.vscode-server/bin/cd9ea6488829f560dc949a8b2fb789f3cdc05f5d/extensions/grunt/dist/main
[2020-06-23 06:06:34.398] [exthost] [info] ExtensionService#_doActivateExtension vscode.gulp {"startup":false,"extensionId":{"value":"vscode.gulp","_lower":"vscode.gulp"},"activationEvent":"onCommand:workbench.action.tasks.runTask"}
[2020-06-23 06:06:34.399] [exthost] [info] ExtensionService#loadCommonJSModule file:///home/vagrant/.vscode-server/bin/cd9ea6488829f560dc949a8b2fb789f3cdc05f5d/extensions/gulp/dist/main
[2020-06-23 06:06:34.406] [exthost] [info] ExtensionService#_doActivateExtension vscode.jake {"startup":false,"extensionId":{"value":"vscode.jake","_lower":"vscode.jake"},"activationEvent":"onCommand:workbench.action.tasks.runTask"}
[2020-06-23 06:06:34.407] [exthost] [info] ExtensionService#loadCommonJSModule file:///home/vagrant/.vscode-server/bin/cd9ea6488829f560dc949a8b2fb789f3cdc05f5d/extensions/jake/dist/main
