[2020-06-13 06:34:07.287] [exthost] [info] extension host started
[2020-06-13 06:34:07.372] [exthost] [info] ExtensionService#_doActivateExtension vscode.debug-auto-launch {"startup":true,"extensionId":{"value":"vscode.debug-auto-launch","_lower":"vscode.debug-auto-launch"},"activationEvent":"*"}
[2020-06-13 06:34:07.374] [exthost] [info] ExtensionService#loadCommonJSModule file:///home/vagrant/.vscode-server/bin/5763d909d5f12fe19f215cbfdd29a91c0fa9208a/extensions/debug-auto-launch/dist/extension
[2020-06-13 06:34:07.391] [exthost] [info] ExtensionService#_doActivateExtension vscode.emmet {"startup":true,"extensionId":{"value":"vscode.emmet","_lower":"vscode.emmet"},"activationEvent":"*"}
[2020-06-13 06:34:07.391] [exthost] [info] ExtensionService#loadCommonJSModule file:///home/vagrant/.vscode-server/bin/5763d909d5f12fe19f215cbfdd29a91c0fa9208a/extensions/emmet/dist/extension
[2020-06-13 06:34:07.443] [exthost] [info] ExtensionService#_doActivateExtension vscode.git {"startup":true,"extensionId":{"value":"vscode.git","_lower":"vscode.git"},"activationEvent":"*"}
[2020-06-13 06:34:07.444] [exthost] [info] ExtensionService#loadCommonJSModule file:///home/vagrant/.vscode-server/bin/5763d909d5f12fe19f215cbfdd29a91c0fa9208a/extensions/git/dist/main
[2020-06-13 06:34:07.518] [exthost] [info] ExtensionService#_doActivateExtension vscode.github-authentication {"startup":true,"extensionId":{"value":"vscode.github-authentication","_lower":"vscode.github-authentication"},"activationEvent":"*"}
[2020-06-13 06:34:07.518] [exthost] [info] ExtensionService#loadCommonJSModule file:///home/vagrant/.vscode-server/bin/5763d909d5f12fe19f215cbfdd29a91c0fa9208a/extensions/github-authentication/dist/extension.js
[2020-06-13 06:34:07.547] [exthost] [info] ExtensionService#_doActivateExtension vscode.merge-conflict {"startup":true,"extensionId":{"value":"vscode.merge-conflict","_lower":"vscode.merge-conflict"},"activationEvent":"*"}
[2020-06-13 06:34:07.547] [exthost] [info] ExtensionService#loadCommonJSModule file:///home/vagrant/.vscode-server/bin/5763d909d5f12fe19f215cbfdd29a91c0fa9208a/extensions/merge-conflict/dist/extension
[2020-06-13 06:34:07.554] [exthost] [info] ExtensionService#_doActivateExtension vscode.search-result {"startup":true,"extensionId":{"value":"vscode.search-result","_lower":"vscode.search-result"},"activationEvent":"*"}
[2020-06-13 06:34:07.554] [exthost] [info] ExtensionService#loadCommonJSModule file:///home/vagrant/.vscode-server/bin/5763d909d5f12fe19f215cbfdd29a91c0fa9208a/extensions/search-result/dist/extension.js
[2020-06-13 06:34:07.556] [exthost] [info] ExtensionService#_doActivateExtension vscode.vscode-account {"startup":true,"extensionId":{"value":"vscode.vscode-account","_lower":"vscode.vscode-account"},"activationEvent":"*"}
[2020-06-13 06:34:07.556] [exthost] [info] ExtensionService#loadCommonJSModule file:///home/vagrant/.vscode-server/bin/5763d909d5f12fe19f215cbfdd29a91c0fa9208a/extensions/vscode-account/dist/extension.js
[2020-06-13 06:34:07.579] [exthost] [info] eager extensions activated
[2020-06-13 06:34:09.932] [exthost] [info] ExtensionService#_doActivateExtension vscode.configuration-editing {"startup":false,"extensionId":{"value":"vscode.configuration-editing","_lower":"vscode.configuration-editing"},"activationEvent":"onLanguage:jsonc"}
[2020-06-13 06:34:09.932] [exthost] [info] ExtensionService#loadCommonJSModule file:///home/vagrant/.vscode-server/bin/5763d909d5f12fe19f215cbfdd29a91c0fa9208a/extensions/configuration-editing/dist/extension
[2020-06-13 06:34:09.937] [exthost] [info] ExtensionService#_doActivateExtension vscode.json-language-features {"startup":false,"extensionId":{"value":"vscode.json-language-features","_lower":"vscode.json-language-features"},"activationEvent":"onLanguage:jsonc"}
[2020-06-13 06:34:09.937] [exthost] [info] ExtensionService#loadCommonJSModule file:///home/vagrant/.vscode-server/bin/5763d909d5f12fe19f215cbfdd29a91c0fa9208a/extensions/json-language-features/client/dist/jsonMain
[2020-06-13 06:34:09.993] [exthost] [info] ExtensionService#_doActivateExtension vscode.typescript-language-features {"startup":false,"extensionId":{"value":"vscode.typescript-language-features","_lower":"vscode.typescript-language-features"},"activationEvent":"onLanguage:jsonc"}
[2020-06-13 06:34:09.993] [exthost] [info] ExtensionService#loadCommonJSModule file:///home/vagrant/.vscode-server/bin/5763d909d5f12fe19f215cbfdd29a91c0fa9208a/extensions/typescript-language-features/dist/extension
